<?xml version="1.0" encoding="UTF-8"?>
<testng-results skipped="0" failed="0" ignored="0" total="1" passed="1">
  <reporter-output>
  </reporter-output>
  <suite name="Default suite" duration-ms="13450" started-at="2018-05-08T16:15:50Z" finished-at="2018-05-08T16:16:04Z">
    <groups>
    </groups>
    <test name="Default test" duration-ms="13450" started-at="2018-05-08T16:15:50Z" finished-at="2018-05-08T16:16:04Z">
      <class name="automation.BasicDemoSite">
        <test-method status="PASS" signature="beforeMethod()[pri:0, instance:automation.BasicDemoSite@51e2adc7]" name="beforeMethod" is-config="true" duration-ms="1748" started-at="2018-05-08T16:15:50Z" finished-at="2018-05-08T16:15:52Z">
          <reporter-output>
          </reporter-output>
        </test-method> <!-- beforeMethod -->
        <test-method status="PASS" signature="f()[pri:0, instance:automation.BasicDemoSite@51e2adc7]" name="f" duration-ms="11484" started-at="2018-05-08T16:15:52Z" finished-at="2018-05-08T16:16:04Z">
          <reporter-output>
          </reporter-output>
        </test-method> <!-- f -->
        <test-method status="PASS" signature="afterMethod()[pri:0, instance:automation.BasicDemoSite@51e2adc7]" name="afterMethod" is-config="true" duration-ms="197" started-at="2018-05-08T16:16:04Z" finished-at="2018-05-08T16:16:04Z">
          <reporter-output>
          </reporter-output>
        </test-method> <!-- afterMethod -->
      </class> <!-- automation.BasicDemoSite -->
    </test> <!-- Default test -->
  </suite> <!-- Default suite -->
</testng-results>
